[2024-06-30 20:14:39,726] INFO: args:
 - ('regression_mode', False)
 - ('data_config', 'data/Bmeson/bm_kin.yaml')
 - ('extra_selection', None)
 - ('extra_test_selection', None)
 - ('data_train', ['data/Bmeson/train_file.parquet'])
 - ('data_val', [])
 - ('data_test', ['data/Bmeson/test_file.parquet'])
 - ('data_fraction', 1)
 - ('file_fraction', 1)
 - ('fetch_by_files', False)
 - ('fetch_step', 1.0)
 - ('in_memory', True)
 - ('train_val_split', 0.8889)
 - ('no_remake_weights', False)
 - ('demo', False)
 - ('lr_finder', None)
 - ('tensorboard', 'Bmeson_kin_ParT')
 - ('tensorboard_custom_fn', None)
 - ('network_config', 'networks/example_ParticleTransformer.py')
 - ('network_option', [])
 - ('model_prefix', 'training/Bmeson/ParT/20240630-201439_example_ParticleTransformer_ranger_lr0.001_batch128/net')
 - ('load_model_weights', None)
 - ('exclude_model_weights', None)
 - ('freeze_model_weights', None)
 - ('num_epochs', 20)
 - ('steps_per_epoch', 12500)
 - ('steps_per_epoch_val', 1562)
 - ('samples_per_epoch', 1600000)
 - ('samples_per_epoch_val', 200000)
 - ('optimizer', 'ranger')
 - ('optimizer_option', [['weight_decay', '0.01']])
 - ('lr_scheduler', 'flat+decay')
 - ('warmup_steps', 0)
 - ('load_epoch', None)
 - ('start_lr', 0.001)
 - ('batch_size', 128)
 - ('use_amp', True)
 - ('gpus', '0')
 - ('predict_gpus', '0')
 - ('num_workers', 1)
 - ('predict', False)
 - ('predict_output', 'pred.root')
 - ('export_onnx', None)
 - ('onnx_opset', 15)
 - ('io_test', False)
 - ('copy_inputs', False)
 - ('log', 'logs/Bmeson_ParT_20240630-201439_example_ParticleTransformer_ranger_lr0.001_batch128.log')
 - ('print', False)
 - ('profile', False)
 - ('backend', None)
 - ('cross_validation', None)
 - ('_auto_model_name', '20240630-201439_example_ParticleTransformer_ranger_lr0.001_batch128')
 - ('local_rank', None)
[2024-06-30 20:14:39,726] INFO: Running in classification mode
[2024-06-30 20:14:39,840] INFO: Using 0 files for training, range: (0, 0.8889)
[2024-06-30 20:14:39,840] INFO: Using 0 files for validation, range: (0.8889, 1)
